/*C2*/SET SCHEMA PUBLIC
SET DATABASE SQL SYNTAX MYS TRUE
DISCONNECT
/*C3*/SET SCHEMA PUBLIC
CREATE TABLE runs ( id bigint NOT NULL AUTO_INCREMENT, run_name varchar(128) NOT NULL, create_date timestamp DEFAULT CURRENT_TIMESTAMP NOT NULL, PRIMARY KEY (id) )
DISCONNECT
/*C4*/SET SCHEMA PUBLIC
ALTER TABLE runs ADD CONSTRAINT runs_uc_1 UNIQUE (run_name)
DISCONNECT
/*C5*/SET SCHEMA PUBLIC
CREATE TABLE plates ( id bigint AUTO_INCREMENT NOT NULL, run_id bigint NOT NULL, plate_name varchar(128) NOT NULL, create_date timestamp DEFAULT CURRENT_TIMESTAMP NOT NULL, PRIMARY KEY (id) )
DISCONNECT
/*C6*/SET SCHEMA PUBLIC
ALTER TABLE plates ADD FOREIGN KEY (run_id) REFERENCES runs(id)
DISCONNECT
/*C7*/SET SCHEMA PUBLIC
ALTER TABLE plates ADD CONSTRAINT plates_uc_1 UNIQUE (run_id,plate_name)
DISCONNECT
/*C8*/SET SCHEMA PUBLIC
CREATE TABLE raw_data_controls ( id bigint AUTO_INCREMENT NOT NULL, plate_id bigint NOT NULL, identifier varchar(64) NOT NULL, time_marker int NOT NULL, data float NOT NULL, create_date timestamp DEFAULT CURRENT_TIMESTAMP NOT NULL, PRIMARY KEY (id) )
DISCONNECT
/*C9*/SET SCHEMA PUBLIC
ALTER TABLE raw_data_controls ADD FOREIGN KEY (plate_id) REFERENCES plates(id)
DISCONNECT
/*C10*/SET SCHEMA PUBLIC
CREATE TABLE cell_viability_controls ( id bigint AUTO_INCREMENT NOT NULL, plate_id bigint NOT NULL, identifier varchar(64) NOT NULL, data float NOT NULL, create_date timestamp DEFAULT CURRENT_TIMESTAMP NOT NULL, PRIMARY KEY (id) )
DISCONNECT
/*C11*/SET SCHEMA PUBLIC
ALTER TABLE cell_viability_controls ADD FOREIGN KEY (plate_id) REFERENCES plates(id)
DISCONNECT
/*C12*/SET SCHEMA PUBLIC
CREATE TABLE cell_viability ( id bigint AUTO_INCREMENT NOT NULL, plate_id bigint NOT NULL, identifier varchar(128) NOT NULL, data float NOT NULL, create_date timestamp DEFAULT CURRENT_TIMESTAMP NOT NULL, PRIMARY KEY (id) )
DISCONNECT
/*C13*/SET SCHEMA PUBLIC
ALTER TABLE cell_viability ADD FOREIGN KEY (plate_id) REFERENCES plates(id)
DISCONNECT
/*C14*/SET SCHEMA PUBLIC
ALTER TABLE cell_viability ADD CONSTRAINT cell_viability_uc_1 UNIQUE (plate_id,identifier)
DISCONNECT
/*C15*/SET SCHEMA PUBLIC
CREATE TABLE raw_data ( id bigint AUTO_INCREMENT NOT NULL, plate_id bigint NOT NULL, identifier varchar(128) NOT NULL, time_marker int NOT NULL, data float NOT NULL, create_date timestamp DEFAULT CURRENT_TIMESTAMP NOT NULL, PRIMARY KEY (id) )
DISCONNECT
/*C16*/SET SCHEMA PUBLIC
ALTER TABLE raw_data ADD FOREIGN KEY (plate_id) REFERENCES plates(id)
DISCONNECT
/*C17*/SET SCHEMA PUBLIC
ALTER TABLE raw_data ADD CONSTRAINT raw_data_uc_1 UNIQUE (plate_id,identifier,time_marker)
DISCONNECT
/*C18*/SET SCHEMA PUBLIC
INSERT INTO RUNS VALUES(0,'test','2013-07-22 00:32:24.402000')
COMMIT
DISCONNECT
/*C19*/SET SCHEMA PUBLIC
INSERT INTO PLATES VALUES(0,0,'HTB1582','2013-07-22 00:32:24.410000')
COMMIT
DISCONNECT
/*C20*/SET SCHEMA PUBLIC
INSERT INTO RAW_DATA VALUES(0,0,'Igf2r',0,15793.0E0,'2013-07-22 00:32:24.413000')
COMMIT
DISCONNECT
/*C21*/SET SCHEMA PUBLIC
INSERT INTO RAW_DATA VALUES(1,0,'Il1rap',0,22948.0E0,'2013-07-22 00:32:24.414000')
COMMIT
DISCONNECT
/*C22*/SET SCHEMA PUBLIC
INSERT INTO RAW_DATA VALUES(2,0,'Il6st',0,21043.0E0,'2013-07-22 00:32:24.415000')
COMMIT
DISCONNECT
/*C23*/SET SCHEMA PUBLIC
INSERT INTO RAW_DATA VALUES(3,0,'Lgals3bp',0,19745.0E0,'2013-07-22 00:32:24.416000')
COMMIT
DISCONNECT
/*C24*/SET SCHEMA PUBLIC
INSERT INTO RAW_DATA VALUES(4,0,'Cd6',0,18584.0E0,'2013-07-22 00:32:24.417000')
COMMIT
DISCONNECT
/*C25*/SET SCHEMA PUBLIC
INSERT INTO RAW_DATA VALUES(5,0,'Cul5',0,16313.0E0,'2013-07-22 00:32:24.418000')
COMMIT
DISCONNECT
/*C26*/SET SCHEMA PUBLIC
INSERT INTO RAW_DATA VALUES(6,0,'Fcamr',0,19876.0E0,'2013-07-22 00:32:24.419000')
COMMIT
DISCONNECT
/*C27*/SET SCHEMA PUBLIC
INSERT INTO RAW_DATA VALUES(7,0,'Folr2',0,17981.0E0,'2013-07-22 00:32:24.420000')
COMMIT
DISCONNECT
/*C28*/SET SCHEMA PUBLIC
INSERT INTO RAW_DATA VALUES(8,0,'Igfals',0,21335.0E0,'2013-07-22 00:32:24.421000')
COMMIT
DISCONNECT
/*C29*/SET SCHEMA PUBLIC
INSERT INTO RAW_DATA VALUES(9,0,'Il1rl2',0,19544.0E0,'2013-07-22 00:32:24.422000')
COMMIT
DISCONNECT
/*C30*/SET SCHEMA PUBLIC
INSERT INTO RAW_DATA VALUES(10,0,'Il9r',0,22650.0E0,'2013-07-22 00:32:24.423000')
COMMIT
DISCONNECT
/*C31*/SET SCHEMA PUBLIC
INSERT INTO RAW_DATA VALUES(11,0,'Rxfp1',0,24192.0E0,'2013-07-22 00:32:24.424000')
COMMIT
DISCONNECT
/*C32*/SET SCHEMA PUBLIC
INSERT INTO RAW_DATA VALUES(12,0,'Clec4n',0,15831.0E0,'2013-07-22 00:32:24.425000')
COMMIT
DISCONNECT
/*C33*/SET SCHEMA PUBLIC
INSERT INTO RAW_DATA VALUES(13,0,'Cxadr',0,17271.0E0,'2013-07-22 00:32:24.425000')
COMMIT
DISCONNECT
/*C34*/SET SCHEMA PUBLIC
INSERT INTO RAW_DATA VALUES(14,0,'Fcer1a',0,17055.0E0,'2013-07-22 00:32:24.427000')
COMMIT
DISCONNECT
/*C35*/SET SCHEMA PUBLIC
INSERT INTO RAW_DATA VALUES(15,0,'Fshr',0,22066.0E0,'2013-07-22 00:32:24.428000')
COMMIT
DISCONNECT
/*C36*/SET SCHEMA PUBLIC
INSERT INTO RAW_DATA VALUES(16,0,'Il10ra',0,17819.0E0,'2013-07-22 00:32:24.428000')
COMMIT
DISCONNECT
/*C37*/SET SCHEMA PUBLIC
INSERT INTO RAW_DATA VALUES(17,0,'Il22ra1',0,23038.0E0,'2013-07-22 00:32:24.429000')
COMMIT
DISCONNECT
/*C38*/SET SCHEMA PUBLIC
INSERT INTO RAW_DATA VALUES(18,0,'Islr',0,17160.0E0,'2013-07-22 00:32:24.430000')
COMMIT
DISCONNECT
/*C39*/SET SCHEMA PUBLIC
INSERT INTO RAW_DATA VALUES(19,0,'Rxfp2',0,17630.0E0,'2013-07-22 00:32:24.431000')
COMMIT
DISCONNECT
/*C40*/SET SCHEMA PUBLIC
INSERT INTO RAW_DATA VALUES(20,0,'Clecsf13',0,20863.0E0,'2013-07-22 00:32:24.432000')
COMMIT
DISCONNECT
/*C41*/SET SCHEMA PUBLIC
INSERT INTO RAW_DATA VALUES(21,0,'D15Ertd735e',0,15141.0E0,'2013-07-22 00:32:24.433000')
COMMIT
DISCONNECT
/*C42*/SET SCHEMA PUBLIC
INSERT INTO RAW_DATA VALUES(22,0,'Fcer1g',0,15574.0E0,'2013-07-22 00:32:24.434000')
COMMIT
DISCONNECT
/*C43*/SET SCHEMA PUBLIC
INSERT INTO RAW_DATA VALUES(23,0,'Ghr',0,19897.0E0,'2013-07-22 00:32:24.435000')
COMMIT
DISCONNECT
/*C44*/SET SCHEMA PUBLIC
INSERT INTO RAW_DATA VALUES(24,0,'Il12rb2',0,16010.0E0,'2013-07-22 00:32:24.436000')
COMMIT
DISCONNECT
/*C45*/SET SCHEMA PUBLIC
INSERT INTO RAW_DATA VALUES(25,0,'Il23r',0,16950.0E0,'2013-07-22 00:32:24.437000')
COMMIT
DISCONNECT
/*C46*/SET SCHEMA PUBLIC
INSERT INTO RAW_DATA VALUES(26,0,'Itgb2',0,20778.0E0,'2013-07-22 00:32:24.438000')
COMMIT
DISCONNECT
/*C47*/SET SCHEMA PUBLIC
INSERT INTO RAW_DATA VALUES(27,0,'Lgtn',0,20012.0E0,'2013-07-22 00:32:24.439000')
COMMIT
DISCONNECT
/*C48*/SET SCHEMA PUBLIC
INSERT INTO RAW_DATA_CONTROLS VALUES(0,0,'negativecontrol',0,16000.0E0,'2013-07-22 00:32:24.441000')
COMMIT
DISCONNECT
/*C49*/SET SCHEMA PUBLIC
INSERT INTO RAW_DATA_CONTROLS VALUES(1,0,'negativecontrol',0,16344.0E0,'2013-07-22 00:32:24.442000')
COMMIT
DISCONNECT
/*C50*/SET SCHEMA PUBLIC
INSERT INTO RAW_DATA_CONTROLS VALUES(2,0,'negativecontrol',0,14507.0E0,'2013-07-22 00:32:24.442000')
COMMIT
DISCONNECT
/*C51*/SET SCHEMA PUBLIC
INSERT INTO RAW_DATA VALUES(28,0,'Rab2_indi',0,16233.0E0,'2013-07-22 00:32:24.443000')
COMMIT
DISCONNECT
/*C52*/SET SCHEMA PUBLIC
INSERT INTO RAW_DATA_CONTROLS VALUES(3,0,'Copb1_indi',0,23490.0E0,'2013-07-22 00:32:24.444000')
COMMIT
DISCONNECT
/*C53*/SET SCHEMA PUBLIC
INSERT INTO RAW_DATA_CONTROLS VALUES(4,0,'Copb1_indi',0,23927.0E0,'2013-07-22 00:32:24.445000')
COMMIT
DISCONNECT
/*C54*/SET SCHEMA PUBLIC
INSERT INTO RAW_DATA_CONTROLS VALUES(5,0,'Copb1_indi',0,23305.0E0,'2013-07-22 00:32:24.446000')
COMMIT
DISCONNECT
/*C55*/SET SCHEMA PUBLIC
INSERT INTO PLATES VALUES(1,0,'HTB1583','2013-07-22 00:32:24.447000')
COMMIT
DISCONNECT
/*C56*/SET SCHEMA PUBLIC
INSERT INTO RAW_DATA VALUES(29,1,'Tlr7',0,20489.0E0,'2013-07-22 00:32:24.447000')
COMMIT
DISCONNECT
/*C57*/SET SCHEMA PUBLIC
INSERT INTO RAW_DATA VALUES(30,1,'Tnfrsf21',0,20088.0E0,'2013-07-22 00:32:24.449000')
COMMIT
DISCONNECT
/*C58*/SET SCHEMA PUBLIC
INSERT INTO RAW_DATA VALUES(31,1,'Trfr2',0,17507.0E0,'2013-07-22 00:32:24.450000')
COMMIT
DISCONNECT
/*C59*/SET SCHEMA PUBLIC
INSERT INTO RAW_DATA VALUES(32,1,'Acox2',0,17241.0E0,'2013-07-22 00:32:24.451000')
COMMIT
DISCONNECT
/*C60*/SET SCHEMA PUBLIC
INSERT INTO RAW_DATA VALUES(33,1,'Cox6b',0,17296.0E0,'2013-07-22 00:32:24.451000')
COMMIT
DISCONNECT
/*C61*/SET SCHEMA PUBLIC
INSERT INTO RAW_DATA VALUES(34,1,'Cox6b1',0,17296.0E0,'2013-07-22 00:32:24.454000')
COMMIT
DISCONNECT
/*C62*/SET SCHEMA PUBLIC
INSERT INTO RAW_DATA VALUES(35,1,'Fdx1',0,22460.0E0,'2013-07-22 00:32:24.455000')
COMMIT
DISCONNECT
/*C63*/SET SCHEMA PUBLIC
INSERT INTO RAW_DATA VALUES(36,1,'Loxl4',0,22615.0E0,'2013-07-22 00:32:24.456000')
COMMIT
DISCONNECT
/*C64*/SET SCHEMA PUBLIC
INSERT INTO RAW_DATA VALUES(37,1,'Ppox',0,18675.0E0,'2013-07-22 00:32:24.457000')
COMMIT
DISCONNECT
/*C65*/SET SCHEMA PUBLIC
INSERT INTO RAW_DATA VALUES(38,1,'Tlr8',0,18810.0E0,'2013-07-22 00:32:24.458000')
COMMIT
DISCONNECT
/*C66*/SET SCHEMA PUBLIC
INSERT INTO RAW_DATA VALUES(39,1,'Tnfrsf25',0,17033.0E0,'2013-07-22 00:32:24.459000')
COMMIT
DISCONNECT
/*C67*/SET SCHEMA PUBLIC
INSERT INTO RAW_DATA VALUES(40,1,'Tshr',0,17317.0E0,'2013-07-22 00:32:24.460000')
COMMIT
DISCONNECT
/*C68*/SET SCHEMA PUBLIC
INSERT INTO RAW_DATA VALUES(41,1,'Acox3',0,16144.0E0,'2013-07-22 00:32:24.461000')
COMMIT
DISCONNECT
/*C69*/SET SCHEMA PUBLIC
INSERT INTO RAW_DATA VALUES(42,1,'Cox6b2',0,16622.0E0,'2013-07-22 00:32:24.461000')
COMMIT
DISCONNECT
/*C70*/SET SCHEMA PUBLIC
INSERT INTO RAW_DATA VALUES(43,1,'Gfer',0,17867.0E0,'2013-07-22 00:32:24.462000')
COMMIT
DISCONNECT
/*C71*/SET SCHEMA PUBLIC
INSERT INTO RAW_DATA VALUES(44,1,'Lpo',0,19410.0E0,'2013-07-22 00:32:24.463000')
COMMIT
DISCONNECT
/*C72*/SET SCHEMA PUBLIC
INSERT INTO RAW_DATA VALUES(45,1,'Prdx1',0,19512.0E0,'2013-07-22 00:32:24.464000')
COMMIT
DISCONNECT
/*C73*/SET SCHEMA PUBLIC
INSERT INTO RAW_DATA VALUES(46,1,'Tlr9',0,17682.0E0,'2013-07-22 00:32:24.465000')
COMMIT
DISCONNECT
/*C74*/SET SCHEMA PUBLIC
INSERT INTO RAW_DATA VALUES(47,1,'Tnfrsf4',0,16828.0E0,'2013-07-22 00:32:24.466000')
COMMIT
DISCONNECT
/*C75*/SET SCHEMA PUBLIC
INSERT INTO RAW_DATA VALUES(48,1,'Unc119',0,17472.0E0,'2013-07-22 00:32:24.467000')
COMMIT
DISCONNECT
/*C76*/SET SCHEMA PUBLIC
INSERT INTO RAW_DATA VALUES(49,1,'AI415282',0,20079.0E0,'2013-07-22 00:32:24.468000')
COMMIT
DISCONNECT
/*C77*/SET SCHEMA PUBLIC
INSERT INTO RAW_DATA VALUES(50,1,'Cox7a2',0,16605.0E0,'2013-07-22 00:32:24.469000')
COMMIT
DISCONNECT
/*C78*/SET SCHEMA PUBLIC
INSERT INTO RAW_DATA VALUES(51,1,'Gpx1',0,21430.0E0,'2013-07-22 00:32:24.470000')
COMMIT
DISCONNECT
/*C79*/SET SCHEMA PUBLIC
INSERT INTO RAW_DATA VALUES(52,1,'Maoa',0,16647.0E0,'2013-07-22 00:32:24.471000')
COMMIT
DISCONNECT
/*C80*/SET SCHEMA PUBLIC
INSERT INTO RAW_DATA VALUES(53,1,'Prdx2',0,18441.0E0,'2013-07-22 00:32:24.472000')
COMMIT
DISCONNECT
/*C81*/SET SCHEMA PUBLIC
INSERT INTO RAW_DATA VALUES(54,1,'Tnfrsf11a',0,17405.0E0,'2013-07-22 00:32:24.472000')
COMMIT
DISCONNECT
/*C82*/SET SCHEMA PUBLIC
INSERT INTO RAW_DATA VALUES(55,1,'Cd40',0,13868.0E0,'2013-07-22 00:32:24.473000')
COMMIT
DISCONNECT
/*C83*/SET SCHEMA PUBLIC
INSERT INTO RAW_DATA VALUES(56,1,'Unc13a',0,20611.0E0,'2013-07-22 00:32:24.474000')
COMMIT
DISCONNECT
/*C84*/SET SCHEMA PUBLIC
INSERT INTO RAW_DATA VALUES(57,1,'Aoc3',0,21240.0E0,'2013-07-22 00:32:24.475000')
COMMIT
DISCONNECT
/*C85*/SET SCHEMA PUBLIC
INSERT INTO RAW_DATA VALUES(58,1,'Cox7a2l',0,20124.0E0,'2013-07-22 00:32:24.476000')
COMMIT
DISCONNECT
/*C86*/SET SCHEMA PUBLIC
INSERT INTO RAW_DATA VALUES(59,1,'Gpx2',0,18179.0E0,'2013-07-22 00:32:24.477000')
COMMIT
DISCONNECT
/*C87*/SET SCHEMA PUBLIC
INSERT INTO RAW_DATA VALUES(60,1,'Maob',0,18139.0E0,'2013-07-22 00:32:24.478000')
COMMIT
DISCONNECT
/*C88*/SET SCHEMA PUBLIC
INSERT INTO RAW_DATA VALUES(61,1,'Prdx3',0,18648.0E0,'2013-07-22 00:32:24.479000')
COMMIT
DISCONNECT
/*C89*/SET SCHEMA PUBLIC
INSERT INTO RAW_DATA VALUES(62,1,'Tnfrsf11b',0,19984.0E0,'2013-07-22 00:32:24.479000')
COMMIT
DISCONNECT
/*C90*/SET SCHEMA PUBLIC
INSERT INTO RAW_DATA VALUES(63,1,'Fas',0,19390.0E0,'2013-07-22 00:32:24.480000')
COMMIT
DISCONNECT
/*C91*/SET SCHEMA PUBLIC
INSERT INTO RAW_DATA VALUES(64,1,'Unc13b',0,20607.0E0,'2013-07-22 00:32:24.481000')
COMMIT
DISCONNECT
/*C92*/SET SCHEMA PUBLIC
INSERT INTO RAW_DATA VALUES(65,1,'Cat',0,16089.0E0,'2013-07-22 00:32:24.482000')
COMMIT
DISCONNECT
/*C93*/SET SCHEMA PUBLIC
INSERT INTO RAW_DATA VALUES(66,1,'Cox7c',0,17551.0E0,'2013-07-22 00:32:24.483000')
COMMIT
DISCONNECT
/*C94*/SET SCHEMA PUBLIC
INSERT INTO RAW_DATA VALUES(67,1,'Gpx3',0,14113.0E0,'2013-07-22 00:32:24.484000')
COMMIT
DISCONNECT
/*C95*/SET SCHEMA PUBLIC
INSERT INTO RAW_DATA VALUES(68,1,'Mpo',0,17468.0E0,'2013-07-22 00:32:24.485000')
COMMIT
DISCONNECT
/*C96*/SET SCHEMA PUBLIC
INSERT INTO RAW_DATA VALUES(69,1,'Prdx4',0,19194.0E0,'2013-07-22 00:32:24.486000')
COMMIT
DISCONNECT
/*C97*/SET SCHEMA PUBLIC
INSERT INTO RAW_DATA VALUES(70,1,'Tnfrsf14',0,16948.0E0,'2013-07-22 00:32:24.487000')
COMMIT
DISCONNECT
/*C98*/SET SCHEMA PUBLIC
INSERT INTO RAW_DATA VALUES(71,1,'Tnfrsf7',0,19872.0E0,'2013-07-22 00:32:24.488000')
COMMIT
DISCONNECT
/*C99*/SET SCHEMA PUBLIC
INSERT INTO RAW_DATA VALUES(72,1,'Unc5b',0,20515.0E0,'2013-07-22 00:32:24.489000')
COMMIT
DISCONNECT
/*C100*/SET SCHEMA PUBLIC
INSERT INTO RAW_DATA VALUES(73,1,'Cox11',0,16595.0E0,'2013-07-22 00:32:24.490000')
COMMIT
DISCONNECT
/*C101*/SET SCHEMA PUBLIC
INSERT INTO RAW_DATA VALUES(74,1,'Cox8a',0,15647.0E0,'2013-07-22 00:32:24.491000')
COMMIT
DISCONNECT
/*C102*/SET SCHEMA PUBLIC
INSERT INTO RAW_DATA VALUES(75,1,'Gpx5',0,16597.0E0,'2013-07-22 00:32:24.492000')
COMMIT
DISCONNECT
/*C103*/SET SCHEMA PUBLIC
INSERT INTO RAW_DATA VALUES(76,1,'Ncf2',0,16628.0E0,'2013-07-22 00:32:24.493000')
COMMIT
DISCONNECT
/*C104*/SET SCHEMA PUBLIC
INSERT INTO RAW_DATA VALUES(77,1,'Prdx5',0,15936.0E0,'2013-07-22 00:32:24.494000')
COMMIT
DISCONNECT
/*C105*/SET SCHEMA PUBLIC
INSERT INTO RAW_DATA VALUES(78,1,'Tnfrsf18',0,16781.0E0,'2013-07-22 00:32:24.495000')
COMMIT
DISCONNECT
/*C106*/SET SCHEMA PUBLIC
INSERT INTO RAW_DATA VALUES(79,1,'Tnfrsf8',0,19949.0E0,'2013-07-22 00:32:24.496000')
COMMIT
DISCONNECT
/*C107*/SET SCHEMA PUBLIC
INSERT INTO RAW_DATA VALUES(80,1,'Unc5c',0,15508.0E0,'2013-07-22 00:32:24.497000')
COMMIT
DISCONNECT
/*C108*/SET SCHEMA PUBLIC
INSERT INTO RAW_DATA VALUES(81,1,'Cox4i1',0,13070.0E0,'2013-07-22 00:32:24.497000')
COMMIT
DISCONNECT
/*C109*/SET SCHEMA PUBLIC
INSERT INTO RAW_DATA VALUES(82,1,'Cp',0,15824.0E0,'2013-07-22 00:32:24.498000')
COMMIT
DISCONNECT
/*C110*/SET SCHEMA PUBLIC
INSERT INTO RAW_DATA VALUES(83,1,'Gpx7',0,15726.0E0,'2013-07-22 00:32:24.499000')
COMMIT
DISCONNECT
/*C111*/SET SCHEMA PUBLIC
INSERT INTO RAW_DATA VALUES(84,1,'Nox1',0,16671.0E0,'2013-07-22 00:32:24.500000')
COMMIT
DISCONNECT
/*C112*/SET SCHEMA PUBLIC
INSERT INTO RAW_DATA VALUES(85,1,'Prdx6',0,17881.0E0,'2013-07-22 00:32:24.501000')
COMMIT
DISCONNECT
/*C113*/SET SCHEMA PUBLIC
INSERT INTO RAW_DATA VALUES(86,1,'Tnfrsf19',0,15927.0E0,'2013-07-22 00:32:24.502000')
COMMIT
DISCONNECT
/*C114*/SET SCHEMA PUBLIC
INSERT INTO RAW_DATA VALUES(87,1,'Tnfrsf9',0,16900.0E0,'2013-07-22 00:32:24.503000')
COMMIT
DISCONNECT
